<?xml version="1.0" encoding="UTF-8"?>
<!-- Generated by org.testng.reporters.JUnitReportReporter -->
<testsuite hostname="DESKTOP-0MHP5IB" failures="0" tests="1" name="am.karas.TestScripts.VerifyFoodInFoodCartTest" time="18.778" errors="0" timestamp="2022-04-22T19:33:20 EDT" skipped="0">
  <testcase classname="am.karas.TestScripts.VerifyFoodInFoodCartTest" name="verifyFoodInFoodCart" time="18.778"/>
  <system-out/>
</testsuite> <!-- am.karas.TestScripts.VerifyFoodInFoodCartTest -->
