<?xml version="1.0" encoding="UTF-8"?>
<!-- Generated by org.testng.reporters.JUnitReportReporter -->
<testsuite hostname="DESKTOP-0MHP5IB" failures="0" tests="1" name="am.karas.TestScripts.VerifySelectedFoodTest" time="16.063" errors="0" timestamp="2022-04-22T16:42:10 EDT" skipped="0">
  <testcase classname="am.karas.TestScripts.VerifySelectedFoodTest" name="verifySelectedFood" time="16.063"/>
  <system-out/>
</testsuite> <!-- am.karas.TestScripts.VerifySelectedFoodTest -->
