<?xml version="1.0" encoding="UTF-8"?>
<!-- Generated by org.testng.reporters.JUnitReportReporter -->
<testsuite hostname="DESKTOP-0MHP5IB" failures="0" tests="1" name="am.karas.TestScripts.VerifyHotDishesTest" time="7.589" errors="0" timestamp="2022-04-22T22:13:10 EDT" skipped="0">
  <testcase classname="am.karas.TestScripts.VerifyHotDishesTest" name="verifyOffer" time="7.589"/>
  <system-out/>
</testsuite> <!-- am.karas.TestScripts.VerifyHotDishesTest -->
