<?xml version="1.0" encoding="UTF-8"?>
<!-- Generated by org.testng.reporters.JUnitReportReporter -->
<testsuite hostname="DESKTOP-0MHP5IB" failures="0" tests="1" name="am.karas.TestScripts.VerifyHotDishesTest" time="8.365" errors="0" timestamp="2022-04-23T11:29:38 EDT" skipped="0">
  <testcase classname="am.karas.TestScripts.VerifyHotDishesTest" name="verifyOffer" time="8.365"/>
  <system-out/>
</testsuite> <!-- am.karas.TestScripts.VerifyHotDishesTest -->
